<?xml version="1.0" encoding="UTF-8"?>
<!-- Generated by org.testng.reporters.JUnitReportReporter -->
<testsuite skipped="1" hostname="ANIL" name="com.automation.ecommerce.homePage.TC001_CustomerRegistration" tests="2" failures="0" timestamp="25 Aug 2018 05:08:03 GMT" time="19.042" errors="0">
  <testcase name="customerRegistration" time="19.042" classname="com.automation.ecommerce.homePage.TC001_CustomerRegistration"/>
  <testcase name="signIn" classname="com.automation.ecommerce.homePage.TC001_CustomerRegistration">
    <skipped/>
  </testcase> <!-- signIn -->
</testsuite> <!-- com.automation.ecommerce.homePage.TC001_CustomerRegistration -->
